-------------------------------------------------------------------------------
Test set: com.neo.DockerApplicationTests
-------------------------------------------------------------------------------
Tests run: 1, Failures: 0, Errors: 1, Skipped: 0, Time elapsed: 1.486 s <<< FAILURE! - in com.neo.DockerApplicationTests
initializationError(com.neo.DockerApplicationTests)  Time elapsed: 0.018 s  <<< ERROR!
java.lang.IllegalStateException: Unable to find a @SpringBootConfiguration, you need to use @ContextConfiguration or @SpringBootTest(classes=...) with your test

